Using pre-set license
Built from '2020.3/release' branch; Version is '2020.3.7f1 (dd97f2c94397) revision 14522354'; Using compiler version '192528614'; Build Type 'Release'
OS: 'Windows 10 Home; OS build 19044.1645; Version 2009; 64bit' Language: 'en' Physical Memory: 8034 MB
BatchMode: 1, IsHumanControllingUs: 0, StartBugReporterOnCrash: 0, Is64bit: 1, IsPro: 0

 COMMAND LINE ARGUMENTS:
D:\SteamLibrary\2020.3.7f1\Editor\Unity.exe
-adb2
-batchMode
-noUpm
-name
AssetImportWorker0
-projectPath
C:/Users/15879/New Unity Project - Copy
-logFile
Logs/AssetImportWorker0.log
-srvPort
52761
Successfully changed project path to: C:/Users/15879/New Unity Project - Copy
C:/Users/15879/New Unity Project - Copy
Using Asset Import Pipeline V2.
Refreshing native plugins compatible for Editor in 61.89 ms, found 1 plugins.
Preloading 0 native plugins for Editor in 0.00 ms.
Initialize engine version: 2020.3.7f1 (dd97f2c94397)
[Subsystems] Discovering subsystems at path D:/SteamLibrary/2020.3.7f1/Editor/Data/Resources/UnitySubsystems
[Subsystems] Discovering subsystems at path C:/Users/15879/New Unity Project - Copy/Assets
GfxDevice: creating device client; threaded=0
Direct3D:
    Version:  Direct3D 11.0 [level 11.1]
    Renderer: NVIDIA GeForce GTX 1060 (ID=0x1c20)
    Vendor:   
    VRAM:     6052 MB
    Driver:   26.21.14.4223
Shader 'Universal Render Pipeline/Particles/Lit': fallback shader 'Universal Render Pipeline/Particles/SimpleLit' not found
Initialize mono
Mono path[0] = 'D:/SteamLibrary/2020.3.7f1/Editor/Data/Managed'
Mono path[1] = 'D:/SteamLibrary/2020.3.7f1/Editor/Data/MonoBleedingEdge/lib/mono/unityjit'
Mono config path = 'D:/SteamLibrary/2020.3.7f1/Editor/Data/MonoBleedingEdge/etc'
Using monoOptions --debugger-agent=transport=dt_socket,embedding=1,server=y,suspend=n,address=127.0.0.1:56292
Begin MonoManager ReloadAssembly
Registering precompiled unity dll's ...
Register platform support module: D:/SteamLibrary/2020.3.7f1/Editor/Data/PlaybackEngines/WebGLSupport/UnityEditor.WebGL.Extensions.dll
Register platform support module: D:/SteamLibrary/2020.3.7f1/Editor/Data/PlaybackEngines/WindowsStandaloneSupport/UnityEditor.WindowsStandalone.Extensions.dll
Registered in 0.001282 seconds.
Native extension for WindowsStandalone target not found
Native extension for WebGL target not found
Refreshing native plugins compatible for Editor in 64.62 ms, found 1 plugins.
Preloading 0 native plugins for Editor in 0.00 ms.
Mono: successfully reloaded assembly
- Completed reload, in  0.954 seconds
Platform modules already initialized, skipping
Registering precompiled user dll's ...
Registered in 0.001973 seconds.
Begin MonoManager ReloadAssembly
Native extension for WindowsStandalone target not found
Native extension for WebGL target not found
Refreshing native plugins compatible for Editor in 59.63 ms, found 1 plugins.
Preloading 0 native plugins for Editor in 0.00 ms.
Mono: successfully reloaded assembly
- Completed reload, in  1.038 seconds
Platform modules already initialized, skipping
========================================================================
Worker process is ready to serve import requests
Shader 'Universal Render Pipeline/Particles/Lit': fallback shader 'Universal Render Pipeline/Particles/SimpleLit' not found
Launched and connected shader compiler UnityShaderCompiler.exe after 0.09 seconds
Refreshing native plugins compatible for Editor in 0.57 ms, found 1 plugins.
Preloading 0 native plugins for Editor in 0.00 ms.
Unloading 3164 Unused Serialized files (Serialized files now loaded: 0)
System memory in use before: 141.9 MB.
System memory in use after: 142.1 MB.

Unloading 23 unused Assets to reduce memory usage. Loaded Objects now: 3607.
Total: 3.027800 ms (FindLiveObjects: 0.622000 ms CreateObjectMapping: 0.428400 ms MarkObjects: 1.880500 ms  DeleteObjects: 0.095900 ms)

========================================================================
Received Import Request.
  path: Assets/InventoryStuffCodingWithUnityIhopeThisWorks/ItemObject.cs
  artifactKey: Guid(41386ec5f1a9d944c871a15b8fbb0adc) Importer(815301076,1909f56bfc062723c751e8b465ee728b)
Start importing Assets/InventoryStuffCodingWithUnityIhopeThisWorks/ItemObject.cs using Guid(41386ec5f1a9d944c871a15b8fbb0adc) Importer(815301076,1909f56bfc062723c751e8b465ee728b)  -> (artifact id: '63cd1aa086a9975685f1ec2d73a87672') in 0.267772 seconds
  Import took 0.277185 seconds .

========================================================================
Received Import Request.
  Time since last request: 53.234405 seconds.
  path: Assets/InventoryStuffCodingWithUnityIhopeThisWorks/ItemObject.cs
  artifactKey: Guid(41386ec5f1a9d944c871a15b8fbb0adc) Importer(815301076,1909f56bfc062723c751e8b465ee728b)
Start importing Assets/InventoryStuffCodingWithUnityIhopeThisWorks/ItemObject.cs using Guid(41386ec5f1a9d944c871a15b8fbb0adc) Importer(815301076,1909f56bfc062723c751e8b465ee728b)  -> (artifact id: 'c9c75aa63457202f5587fcf064322b04') in 0.004701 seconds
  Import took 0.014430 seconds .

========================================================================
Received Import Request.
  Time since last request: 0.058857 seconds.
  path: Assets/InventoryStuffCodingWithUnityIhopeThisWorks/ItemObject.cs
  artifactKey: Guid(41386ec5f1a9d944c871a15b8fbb0adc) Importer(815301076,1909f56bfc062723c751e8b465ee728b)
Start importing Assets/InventoryStuffCodingWithUnityIhopeThisWorks/ItemObject.cs using Guid(41386ec5f1a9d944c871a15b8fbb0adc) Importer(815301076,1909f56bfc062723c751e8b465ee728b)  -> (artifact id: 'c9c75aa63457202f5587fcf064322b04') in 0.004879 seconds
  Import took 0.012890 seconds .

========================================================================
Received Prepare
Registering precompiled user dll's ...
Registered in 0.037205 seconds.
Begin MonoManager ReloadAssembly
Native extension for WindowsStandalone target not found
Native extension for WebGL target not found
Refreshing native plugins compatible for Editor in 0.64 ms, found 1 plugins.
Preloading 0 native plugins for Editor in 0.00 ms.
Mono: successfully reloaded assembly
- Completed reload, in  1.026 seconds
Platform modules already initialized, skipping
Shader 'Universal Render Pipeline/Particles/Lit': fallback shader 'Universal Render Pipeline/Particles/SimpleLit' not found
Refreshing native plugins compatible for Editor in 0.57 ms, found 1 plugins.
Preloading 0 native plugins for Editor in 0.00 ms.
Unloading 3036 Unused Serialized files (Serialized files now loaded: 0)
System memory in use before: 133.2 MB.
System memory in use after: 133.4 MB.

Unloading 12 unused Assets to reduce memory usage. Loaded Objects now: 3610.
Total: 3.767700 ms (FindLiveObjects: 0.395700 ms CreateObjectMapping: 0.357100 ms MarkObjects: 2.911300 ms  DeleteObjects: 0.101900 ms)

========================================================================
Received Prepare
Registering precompiled user dll's ...
Registered in 0.002222 seconds.
Begin MonoManager ReloadAssembly
Native extension for WindowsStandalone target not found
Native extension for WebGL target not found
Refreshing native plugins compatible for Editor in 0.55 ms, found 1 plugins.
Preloading 0 native plugins for Editor in 0.00 ms.
Mono: successfully reloaded assembly
- Completed reload, in  0.895 seconds
Platform modules already initialized, skipping
Shader 'Universal Render Pipeline/Particles/Lit': fallback shader 'Universal Render Pipeline/Particles/SimpleLit' not found
Refreshing native plugins compatible for Editor in 0.58 ms, found 1 plugins.
Preloading 0 native plugins for Editor in 0.00 ms.
Unloading 3036 Unused Serialized files (Serialized files now loaded: 0)
System memory in use before: 133.3 MB.
System memory in use after: 133.5 MB.

Unloading 12 unused Assets to reduce memory usage. Loaded Objects now: 3613.
Total: 3.773800 ms (FindLiveObjects: 0.468800 ms CreateObjectMapping: 0.306900 ms MarkObjects: 2.916800 ms  DeleteObjects: 0.079100 ms)

========================================================================
Received Prepare
Registering precompiled user dll's ...
Registered in 0.001962 seconds.
Begin MonoManager ReloadAssembly
Native extension for WindowsStandalone target not found
Native extension for WebGL target not found
Refreshing native plugins compatible for Editor in 1.48 ms, found 1 plugins.
Preloading 0 native plugins for Editor in 0.00 ms.
Mono: successfully reloaded assembly
- Completed reload, in  0.892 seconds
Platform modules already initialized, skipping
Shader 'Universal Render Pipeline/Particles/Lit': fallback shader 'Universal Render Pipeline/Particles/SimpleLit' not found
Refreshing native plugins compatible for Editor in 0.57 ms, found 1 plugins.
Preloading 0 native plugins for Editor in 0.00 ms.
Unloading 3036 Unused Serialized files (Serialized files now loaded: 0)
System memory in use before: 133.3 MB.
System memory in use after: 133.5 MB.

Unloading 12 unused Assets to reduce memory usage. Loaded Objects now: 3616.
Total: 2.777900 ms (FindLiveObjects: 0.279100 ms CreateObjectMapping: 0.130000 ms MarkObjects: 2.282800 ms  DeleteObjects: 0.084600 ms)

========================================================================
Received Prepare
Registering precompiled user dll's ...
Registered in 0.001889 seconds.
Begin MonoManager ReloadAssembly
Native extension for WindowsStandalone target not found
Native extension for WebGL target not found
Refreshing native plugins compatible for Editor in 0.68 ms, found 1 plugins.
Preloading 0 native plugins for Editor in 0.00 ms.
Mono: successfully reloaded assembly
- Completed reload, in  0.905 seconds
Platform modules already initialized, skipping
Shader 'Universal Render Pipeline/Particles/Lit': fallback shader 'Universal Render Pipeline/Particles/SimpleLit' not found
Refreshing native plugins compatible for Editor in 0.57 ms, found 1 plugins.
Preloading 0 native plugins for Editor in 0.00 ms.
Unloading 3036 Unused Serialized files (Serialized files now loaded: 0)
System memory in use before: 133.3 MB.
System memory in use after: 133.5 MB.

Unloading 12 unused Assets to reduce memory usage. Loaded Objects now: 3619.
Total: 3.209700 ms (FindLiveObjects: 0.433700 ms CreateObjectMapping: 0.305800 ms MarkObjects: 2.372400 ms  DeleteObjects: 0.096400 ms)

========================================================================
Received Prepare
Registering precompiled user dll's ...
Registered in 0.003017 seconds.
Begin MonoManager ReloadAssembly
Native extension for WindowsStandalone target not found
Native extension for WebGL target not found
Refreshing native plugins compatible for Editor in 0.58 ms, found 1 plugins.
Preloading 0 native plugins for Editor in 0.00 ms.
Mono: successfully reloaded assembly
- Completed reload, in  0.932 seconds
Platform modules already initialized, skipping
Shader 'Universal Render Pipeline/Particles/Lit': fallback shader 'Universal Render Pipeline/Particles/SimpleLit' not found
Refreshing native plugins compatible for Editor in 0.58 ms, found 1 plugins.
Preloading 0 native plugins for Editor in 0.00 ms.
Unloading 3036 Unused Serialized files (Serialized files now loaded: 0)
System memory in use before: 133.3 MB.
System memory in use after: 133.5 MB.

Unloading 12 unused Assets to reduce memory usage. Loaded Objects now: 3622.
Total: 3.743200 ms (FindLiveObjects: 0.405200 ms CreateObjectMapping: 0.319400 ms MarkObjects: 2.940500 ms  DeleteObjects: 0.076900 ms)

========================================================================
Received Prepare
Registering precompiled user dll's ...
Registered in 0.002002 seconds.
Begin MonoManager ReloadAssembly
Native extension for WindowsStandalone target not found
Native extension for WebGL target not found
Refreshing native plugins compatible for Editor in 0.58 ms, found 1 plugins.
Preloading 0 native plugins for Editor in 0.00 ms.
Mono: successfully reloaded assembly
- Completed reload, in  0.911 seconds
Platform modules already initialized, skipping
Shader 'Universal Render Pipeline/Particles/Lit': fallback shader 'Universal Render Pipeline/Particles/SimpleLit' not found
Refreshing native plugins compatible for Editor in 0.56 ms, found 1 plugins.
Preloading 0 native plugins for Editor in 0.00 ms.
Unloading 3036 Unused Serialized files (Serialized files now loaded: 0)
System memory in use before: 133.4 MB.
System memory in use after: 133.5 MB.

Unloading 12 unused Assets to reduce memory usage. Loaded Objects now: 3625.
Total: 3.839600 ms (FindLiveObjects: 0.492000 ms CreateObjectMapping: 0.206500 ms MarkObjects: 3.058800 ms  DeleteObjects: 0.080100 ms)

========================================================================
Received Prepare
Registering precompiled user dll's ...
Registered in 0.004016 seconds.
Begin MonoManager ReloadAssembly
Native extension for WindowsStandalone target not found
Native extension for WebGL target not found
Refreshing native plugins compatible for Editor in 0.57 ms, found 1 plugins.
Preloading 0 native plugins for Editor in 0.00 ms.
Mono: successfully reloaded assembly
- Completed reload, in  0.904 seconds
Platform modules already initialized, skipping
Shader 'Universal Render Pipeline/Particles/Lit': fallback shader 'Universal Render Pipeline/Particles/SimpleLit' not found
Refreshing native plugins compatible for Editor in 0.59 ms, found 1 plugins.
Preloading 0 native plugins for Editor in 0.00 ms.
Unloading 3036 Unused Serialized files (Serialized files now loaded: 0)
System memory in use before: 133.4 MB.
System memory in use after: 133.5 MB.

Unloading 12 unused Assets to reduce memory usage. Loaded Objects now: 3628.
Total: 3.315000 ms (FindLiveObjects: 0.605800 ms CreateObjectMapping: 0.359900 ms MarkObjects: 2.257300 ms  DeleteObjects: 0.090200 ms)

========================================================================
Received Prepare
Registering precompiled user dll's ...
Registered in 0.002506 seconds.
Begin MonoManager ReloadAssembly
Native extension for WindowsStandalone target not found
Native extension for WebGL target not found
Refreshing native plugins compatible for Editor in 0.69 ms, found 1 plugins.
Preloading 0 native plugins for Editor in 0.00 ms.
Mono: successfully reloaded assembly
- Completed reload, in  0.870 seconds
Platform modules already initialized, skipping
Shader 'Universal Render Pipeline/Particles/Lit': fallback shader 'Universal Render Pipeline/Particles/SimpleLit' not found
Refreshing native plugins compatible for Editor in 0.59 ms, found 1 plugins.
Preloading 0 native plugins for Editor in 0.00 ms.
Unloading 3036 Unused Serialized files (Serialized files now loaded: 0)
System memory in use before: 133.4 MB.
System memory in use after: 133.5 MB.

Unloading 12 unused Assets to reduce memory usage. Loaded Objects now: 3631.
Total: 3.024800 ms (FindLiveObjects: 0.414800 ms CreateObjectMapping: 0.228900 ms MarkObjects: 2.302100 ms  DeleteObjects: 0.077300 ms)

========================================================================
Received Prepare
Registering precompiled user dll's ...
Registered in 0.002217 seconds.
Begin MonoManager ReloadAssembly
Native extension for WindowsStandalone target not found
Native extension for WebGL target not found
Refreshing native plugins compatible for Editor in 0.63 ms, found 1 plugins.
Preloading 0 native plugins for Editor in 0.00 ms.
Mono: successfully reloaded assembly
- Completed reload, in  0.898 seconds
Platform modules already initialized, skipping
Shader 'Universal Render Pipeline/Particles/Lit': fallback shader 'Universal Render Pipeline/Particles/SimpleLit' not found
Refreshing native plugins compatible for Editor in 0.58 ms, found 1 plugins.
Preloading 0 native plugins for Editor in 0.00 ms.
Unloading 3036 Unused Serialized files (Serialized files now loaded: 0)
System memory in use before: 133.4 MB.
System memory in use after: 133.6 MB.

Unloading 12 unused Assets to reduce memory usage. Loaded Objects now: 3634.
Total: 4.003800 ms (FindLiveObjects: 0.796000 ms CreateObjectMapping: 0.391300 ms MarkObjects: 2.698800 ms  DeleteObjects: 0.115800 ms)

========================================================================
Received Prepare
Registering precompiled user dll's ...
Registered in 0.002320 seconds.
Begin MonoManager ReloadAssembly
Native extension for WindowsStandalone target not found
Native extension for WebGL target not found
Refreshing native plugins compatible for Editor in 0.76 ms, found 1 plugins.
Preloading 0 native plugins for Editor in 0.00 ms.
Mono: successfully reloaded assembly
- Completed reload, in  0.908 seconds
Platform modules already initialized, skipping
Shader 'Universal Render Pipeline/Particles/Lit': fallback shader 'Universal Render Pipeline/Particles/SimpleLit' not found
Refreshing native plugins compatible for Editor in 0.57 ms, found 1 plugins.
Preloading 0 native plugins for Editor in 0.00 ms.
Unloading 3036 Unused Serialized files (Serialized files now loaded: 0)
System memory in use before: 133.4 MB.
System memory in use after: 133.6 MB.

Unloading 12 unused Assets to reduce memory usage. Loaded Objects now: 3637.
Total: 3.211500 ms (FindLiveObjects: 0.631500 ms CreateObjectMapping: 0.248200 ms MarkObjects: 2.174300 ms  DeleteObjects: 0.156000 ms)

========================================================================
Received Import Request.
  Time since last request: 1104.734090 seconds.
  path: Assets/InventoryStuffCodingWithUnityIhopeThisWorks/New TurtleCharm.asset
  artifactKey: Guid(979fcd36a8f67c9488905a445e4f6a56) Importer(815301076,1909f56bfc062723c751e8b465ee728b)
Start importing Assets/InventoryStuffCodingWithUnityIhopeThisWorks/New TurtleCharm.asset using Guid(979fcd36a8f67c9488905a445e4f6a56) Importer(815301076,1909f56bfc062723c751e8b465ee728b)  -> (artifact id: 'a4b11141a261417197b81745b09eb6cf') in 0.042601 seconds
  Import took 0.049078 seconds .

========================================================================
Received Prepare
Registering precompiled user dll's ...
Registered in 0.001936 seconds.
Begin MonoManager ReloadAssembly
Native extension for WindowsStandalone target not found
Native extension for WebGL target not found
Refreshing native plugins compatible for Editor in 0.55 ms, found 1 plugins.
Preloading 0 native plugins for Editor in 0.00 ms.
Mono: successfully reloaded assembly
- Completed reload, in  0.936 seconds
Platform modules already initialized, skipping
Shader 'Universal Render Pipeline/Particles/Lit': fallback shader 'Universal Render Pipeline/Particles/SimpleLit' not found
Refreshing native plugins compatible for Editor in 0.60 ms, found 1 plugins.
Preloading 0 native plugins for Editor in 0.00 ms.
Unloading 3036 Unused Serialized files (Serialized files now loaded: 0)
System memory in use before: 133.4 MB.
System memory in use after: 133.6 MB.

Unloading 12 unused Assets to reduce memory usage. Loaded Objects now: 3640.
Total: 3.192800 ms (FindLiveObjects: 0.550300 ms CreateObjectMapping: 0.374600 ms MarkObjects: 2.149000 ms  DeleteObjects: 0.117000 ms)

========================================================================
Received Prepare
Registering precompiled user dll's ...
Registered in 0.002332 seconds.
Begin MonoManager ReloadAssembly
Native extension for WindowsStandalone target not found
Native extension for WebGL target not found
Refreshing native plugins compatible for Editor in 0.59 ms, found 1 plugins.
Preloading 0 native plugins for Editor in 0.00 ms.
Mono: successfully reloaded assembly
- Completed reload, in  0.915 seconds
Platform modules already initialized, skipping
Shader 'Universal Render Pipeline/Particles/Lit': fallback shader 'Universal Render Pipeline/Particles/SimpleLit' not found
Refreshing native plugins compatible for Editor in 0.57 ms, found 1 plugins.
Preloading 0 native plugins for Editor in 0.00 ms.
Unloading 3036 Unused Serialized files (Serialized files now loaded: 0)
System memory in use before: 133.4 MB.
System memory in use after: 133.6 MB.

Unloading 12 unused Assets to reduce memory usage. Loaded Objects now: 3643.
Total: 4.255100 ms (FindLiveObjects: 0.611500 ms CreateObjectMapping: 0.219500 ms MarkObjects: 3.276800 ms  DeleteObjects: 0.145400 ms)

========================================================================
Received Prepare
Registering precompiled user dll's ...
Registered in 0.002568 seconds.
Begin MonoManager ReloadAssembly
Native extension for WindowsStandalone target not found
Native extension for WebGL target not found
Refreshing native plugins compatible for Editor in 1.06 ms, found 1 plugins.
Preloading 0 native plugins for Editor in 0.00 ms.
Mono: successfully reloaded assembly
- Completed reload, in  0.896 seconds
Platform modules already initialized, skipping
Shader 'Universal Render Pipeline/Particles/Lit': fallback shader 'Universal Render Pipeline/Particles/SimpleLit' not found
Refreshing native plugins compatible for Editor in 0.60 ms, found 1 plugins.
Preloading 0 native plugins for Editor in 0.00 ms.
Unloading 3036 Unused Serialized files (Serialized files now loaded: 0)
System memory in use before: 133.4 MB.
System memory in use after: 133.6 MB.

Unloading 12 unused Assets to reduce memory usage. Loaded Objects now: 3646.
Total: 3.267700 ms (FindLiveObjects: 0.406500 ms CreateObjectMapping: 0.141800 ms MarkObjects: 2.637900 ms  DeleteObjects: 0.080000 ms)

========================================================================
Received Import Request.
  Time since last request: 149.684406 seconds.
  path: Assets/InventoryStuffCodingWithUnityIhopeThisWorks/New TurtleCharm.asset
  artifactKey: Guid(979fcd36a8f67c9488905a445e4f6a56) Importer(815301076,1909f56bfc062723c751e8b465ee728b)
Start importing Assets/InventoryStuffCodingWithUnityIhopeThisWorks/New TurtleCharm.asset using Guid(979fcd36a8f67c9488905a445e4f6a56) Importer(815301076,1909f56bfc062723c751e8b465ee728b)  -> (artifact id: 'eb76e29b761b4825d898b82a2c9c0406') in 0.018247 seconds
  Import took 0.027084 seconds .

========================================================================
Received Prepare
Registering precompiled user dll's ...
Registered in 0.002551 seconds.
Begin MonoManager ReloadAssembly
Native extension for WindowsStandalone target not found
Native extension for WebGL target not found
Refreshing native plugins compatible for Editor in 0.57 ms, found 1 plugins.
Preloading 0 native plugins for Editor in 0.00 ms.
Mono: successfully reloaded assembly
- Completed reload, in  0.939 seconds
Platform modules already initialized, skipping
Shader 'Universal Render Pipeline/Particles/Lit': fallback shader 'Universal Render Pipeline/Particles/SimpleLit' not found
Refreshing native plugins compatible for Editor in 0.59 ms, found 1 plugins.
Preloading 0 native plugins for Editor in 0.00 ms.
Unloading 3036 Unused Serialized files (Serialized files now loaded: 0)
System memory in use before: 133.4 MB.
System memory in use after: 133.6 MB.

Unloading 12 unused Assets to reduce memory usage. Loaded Objects now: 3649.
Total: 3.215000 ms (FindLiveObjects: 0.421600 ms CreateObjectMapping: 0.322700 ms MarkObjects: 2.370600 ms  DeleteObjects: 0.098300 ms)

========================================================================
Received Prepare
Registering precompiled user dll's ...
Registered in 0.001968 seconds.
Begin MonoManager ReloadAssembly
Native extension for WindowsStandalone target not found
Native extension for WebGL target not found
Refreshing native plugins compatible for Editor in 0.59 ms, found 1 plugins.
Preloading 0 native plugins for Editor in 0.00 ms.
Mono: successfully reloaded assembly
- Completed reload, in  0.889 seconds
Platform modules already initialized, skipping
Shader 'Universal Render Pipeline/Particles/Lit': fallback shader 'Universal Render Pipeline/Particles/SimpleLit' not found
Refreshing native plugins compatible for Editor in 0.61 ms, found 1 plugins.
Preloading 0 native plugins for Editor in 0.00 ms.
Unloading 3036 Unused Serialized files (Serialized files now loaded: 0)
System memory in use before: 133.4 MB.
System memory in use after: 133.6 MB.

Unloading 12 unused Assets to reduce memory usage. Loaded Objects now: 3652.
Total: 5.272900 ms (FindLiveObjects: 0.583900 ms CreateObjectMapping: 0.207300 ms MarkObjects: 4.326100 ms  DeleteObjects: 0.152700 ms)

========================================================================
Received Prepare
Registering precompiled user dll's ...
Registered in 0.002371 seconds.
Begin MonoManager ReloadAssembly
Native extension for WindowsStandalone target not found
Native extension for WebGL target not found
Refreshing native plugins compatible for Editor in 0.58 ms, found 1 plugins.
Preloading 0 native plugins for Editor in 0.00 ms.
Mono: successfully reloaded assembly
- Completed reload, in  0.903 seconds
Platform modules already initialized, skipping
Shader 'Universal Render Pipeline/Particles/Lit': fallback shader 'Universal Render Pipeline/Particles/SimpleLit' not found
Refreshing native plugins compatible for Editor in 0.56 ms, found 1 plugins.
Preloading 0 native plugins for Editor in 0.00 ms.
Unloading 3036 Unused Serialized files (Serialized files now loaded: 0)
System memory in use before: 133.4 MB.
System memory in use after: 133.6 MB.

Unloading 12 unused Assets to reduce memory usage. Loaded Objects now: 3655.
Total: 3.153500 ms (FindLiveObjects: 0.416100 ms CreateObjectMapping: 0.248700 ms MarkObjects: 2.409400 ms  DeleteObjects: 0.078100 ms)

========================================================================
Received Prepare
Registering precompiled user dll's ...
Registered in 0.001875 seconds.
Begin MonoManager ReloadAssembly
Native extension for WindowsStandalone target not found
Native extension for WebGL target not found
Refreshing native plugins compatible for Editor in 0.57 ms, found 1 plugins.
Preloading 0 native plugins for Editor in 0.00 ms.
Mono: successfully reloaded assembly
- Completed reload, in  0.888 seconds
Platform modules already initialized, skipping
Shader 'Universal Render Pipeline/Particles/Lit': fallback shader 'Universal Render Pipeline/Particles/SimpleLit' not found
Refreshing native plugins compatible for Editor in 0.64 ms, found 1 plugins.
Preloading 0 native plugins for Editor in 0.00 ms.
Unloading 3036 Unused Serialized files (Serialized files now loaded: 0)
System memory in use before: 133.4 MB.
System memory in use after: 133.6 MB.

Unloading 12 unused Assets to reduce memory usage. Loaded Objects now: 3658.
Total: 3.589500 ms (FindLiveObjects: 0.697000 ms CreateObjectMapping: 0.280200 ms MarkObjects: 2.528600 ms  DeleteObjects: 0.081100 ms)

========================================================================
Received Import Request.
  Time since last request: 1045.727655 seconds.
  path: Assets/InventoryStuffCodingWithUnityIhopeThisWorks/StaticInterface.cs
  artifactKey: Guid(f55af9eef4c5746438a37034a5147669) Importer(815301076,1909f56bfc062723c751e8b465ee728b)
Start importing Assets/InventoryStuffCodingWithUnityIhopeThisWorks/StaticInterface.cs using Guid(f55af9eef4c5746438a37034a5147669) Importer(815301076,1909f56bfc062723c751e8b465ee728b)  -> (artifact id: 'b9859b84f9ff7a65e1e18f3eb4246029') in 0.010364 seconds
  Import took 0.017552 seconds .

========================================================================
Received Import Request.
  Time since last request: 0.009281 seconds.
  path: Assets/InventoryStuffCodingWithUnityIhopeThisWorks/StaticInterface.cs
  artifactKey: Guid(f55af9eef4c5746438a37034a5147669) Importer(815301076,1909f56bfc062723c751e8b465ee728b)
Start importing Assets/InventoryStuffCodingWithUnityIhopeThisWorks/StaticInterface.cs using Guid(f55af9eef4c5746438a37034a5147669) Importer(815301076,1909f56bfc062723c751e8b465ee728b)  -> (artifact id: 'b9859b84f9ff7a65e1e18f3eb4246029') in 0.004773 seconds
  Import took 0.010688 seconds .

========================================================================
Received Import Request.
  Time since last request: 2.918773 seconds.
  path: Assets/InventoryStuffCodingWithUnityIhopeThisWorks/CharmObject.cs
  artifactKey: Guid(c1a56e8c1d90940459a6f2a1e941f1ef) Importer(815301076,1909f56bfc062723c751e8b465ee728b)
Start importing Assets/InventoryStuffCodingWithUnityIhopeThisWorks/CharmObject.cs using Guid(c1a56e8c1d90940459a6f2a1e941f1ef) Importer(815301076,1909f56bfc062723c751e8b465ee728b)  -> (artifact id: '34c74d18e89e633aac44439a8193fc86') in 0.011764 seconds
  Import took 0.022179 seconds .

========================================================================
Received Prepare
Registering precompiled user dll's ...
Registered in 0.003726 seconds.
Begin MonoManager ReloadAssembly
Native extension for WindowsStandalone target not found
Native extension for WebGL target not found
Refreshing native plugins compatible for Editor in 0.58 ms, found 1 plugins.
Preloading 0 native plugins for Editor in 0.00 ms.
Mono: successfully reloaded assembly
- Completed reload, in  0.931 seconds
Platform modules already initialized, skipping
Shader 'Universal Render Pipeline/Particles/Lit': fallback shader 'Universal Render Pipeline/Particles/SimpleLit' not found
Refreshing native plugins compatible for Editor in 0.65 ms, found 1 plugins.
Preloading 0 native plugins for Editor in 0.00 ms.
Unloading 3036 Unused Serialized files (Serialized files now loaded: 0)
System memory in use before: 133.4 MB.
System memory in use after: 133.6 MB.

Unloading 12 unused Assets to reduce memory usage. Loaded Objects now: 3661.
Total: 3.565800 ms (FindLiveObjects: 0.598000 ms CreateObjectMapping: 0.287600 ms MarkObjects: 2.599400 ms  DeleteObjects: 0.079700 ms)

========================================================================
Received Import Request.
  Time since last request: 226.781295 seconds.
  path: Assets/Resources/Database.asset
  artifactKey: Guid(0b3fab3b6a10af145977c3c8ecd8074d) Importer(815301076,1909f56bfc062723c751e8b465ee728b)
Start importing Assets/Resources/Database.asset using Guid(0b3fab3b6a10af145977c3c8ecd8074d) Importer(815301076,1909f56bfc062723c751e8b465ee728b) NullReferenceException: Object reference not set to an instance of an object
  at ItemDataBaseObject.OnAfterDeserialize () [0x00004] in C:\Users\15879\New Unity Project - Copy\Assets\InventoryStuffCodingWithUnityIhopeThisWorks\ItemDataBaseObject.cs:16 

(Filename: Assets/InventoryStuffCodingWithUnityIhopeThisWorks/ItemDataBaseObject.cs Line: 16)

Fixing reference to the runtime script in scene file!

Fixing reference to the runtime script in scene file!

 -> (artifact id: '0e55df4865292c79d2e96a04e255827d') in 0.024969 seconds
  Import took 0.221328 seconds .

========================================================================
Received Prepare
Registering precompiled user dll's ...
Registered in 0.002016 seconds.
Begin MonoManager ReloadAssembly
Native extension for WindowsStandalone target not found
Native extension for WebGL target not found
Refreshing native plugins compatible for Editor in 0.58 ms, found 1 plugins.
Preloading 0 native plugins for Editor in 0.00 ms.
Mono: successfully reloaded assembly
- Completed reload, in  0.909 seconds
Platform modules already initialized, skipping
Shader 'Universal Render Pipeline/Particles/Lit': fallback shader 'Universal Render Pipeline/Particles/SimpleLit' not found
Refreshing native plugins compatible for Editor in 0.73 ms, found 1 plugins.
Preloading 0 native plugins for Editor in 0.00 ms.
Unloading 3036 Unused Serialized files (Serialized files now loaded: 0)
System memory in use before: 133.6 MB.
System memory in use after: 133.8 MB.

Unloading 12 unused Assets to reduce memory usage. Loaded Objects now: 3664.
Total: 3.164400 ms (FindLiveObjects: 0.281500 ms CreateObjectMapping: 0.131400 ms MarkObjects: 2.673200 ms  DeleteObjects: 0.077300 ms)

========================================================================
Received Import Request.
  Time since last request: 193.935844 seconds.
  path: Assets/InventoryStuffCodingWithUnityIhopeThisWorks/New TurtleCharm 1.asset
  artifactKey: Guid(550ddb4189b7f724f891dfbed71bc92c) Importer(815301076,1909f56bfc062723c751e8b465ee728b)
Start importing Assets/InventoryStuffCodingWithUnityIhopeThisWorks/New TurtleCharm 1.asset using Guid(550ddb4189b7f724f891dfbed71bc92c) Importer(815301076,1909f56bfc062723c751e8b465ee728b)  -> (artifact id: '183a1380abf676e7e94197634fa7834a') in 0.025614 seconds
  Import took 0.034316 seconds .

========================================================================
Received Prepare
Registering precompiled user dll's ...
Registered in 0.001945 seconds.
Begin MonoManager ReloadAssembly
Native extension for WindowsStandalone target not found
Native extension for WebGL target not found
Refreshing native plugins compatible for Editor in 0.91 ms, found 1 plugins.
Preloading 0 native plugins for Editor in 0.00 ms.
Mono: successfully reloaded assembly
- Completed reload, in  0.903 seconds
Platform modules already initialized, skipping
Shader 'Universal Render Pipeline/Particles/Lit': fallback shader 'Universal Render Pipeline/Particles/SimpleLit' not found
Refreshing native plugins compatible for Editor in 0.59 ms, found 1 plugins.
Preloading 0 native plugins for Editor in 0.00 ms.
Unloading 3036 Unused Serialized files (Serialized files now loaded: 0)
System memory in use before: 133.6 MB.
System memory in use after: 133.8 MB.

Unloading 12 unused Assets to reduce memory usage. Loaded Objects now: 3667.
Total: 4.389800 ms (FindLiveObjects: 0.642100 ms CreateObjectMapping: 0.301300 ms MarkObjects: 3.329400 ms  DeleteObjects: 0.115400 ms)

========================================================================
Received Prepare
Registering precompiled user dll's ...
Registered in 0.001972 seconds.
Begin MonoManager ReloadAssembly
Native extension for WindowsStandalone target not found
Native extension for WebGL target not found
Refreshing native plugins compatible for Editor in 1.11 ms, found 1 plugins.
Preloading 0 native plugins for Editor in 0.00 ms.
Mono: successfully reloaded assembly
- Completed reload, in  0.872 seconds
Platform modules already initialized, skipping
Shader 'Universal Render Pipeline/Particles/Lit': fallback shader 'Universal Render Pipeline/Particles/SimpleLit' not found
Refreshing native plugins compatible for Editor in 0.57 ms, found 1 plugins.
Preloading 0 native plugins for Editor in 0.00 ms.
Unloading 3036 Unused Serialized files (Serialized files now loaded: 0)
System memory in use before: 133.6 MB.
System memory in use after: 133.8 MB.

Unloading 12 unused Assets to reduce memory usage. Loaded Objects now: 3670.
Total: 2.838400 ms (FindLiveObjects: 0.363700 ms CreateObjectMapping: 0.196000 ms MarkObjects: 2.093400 ms  DeleteObjects: 0.183900 ms)

========================================================================
Received Prepare
Registering precompiled user dll's ...
Registered in 0.001912 seconds.
Begin MonoManager ReloadAssembly
Native extension for WindowsStandalone target not found
Native extension for WebGL target not found
Refreshing native plugins compatible for Editor in 0.59 ms, found 1 plugins.
Preloading 0 native plugins for Editor in 0.00 ms.
Mono: successfully reloaded assembly
- Completed reload, in  0.898 seconds
Platform modules already initialized, skipping
Shader 'Universal Render Pipeline/Particles/Lit': fallback shader 'Universal Render Pipeline/Particles/SimpleLit' not found
Refreshing native plugins compatible for Editor in 0.61 ms, found 1 plugins.
Preloading 0 native plugins for Editor in 0.00 ms.
Unloading 3036 Unused Serialized files (Serialized files now loaded: 0)
System memory in use before: 133.6 MB.
System memory in use after: 133.8 MB.

Unloading 12 unused Assets to reduce memory usage. Loaded Objects now: 3673.
Total: 3.237000 ms (FindLiveObjects: 0.405000 ms CreateObjectMapping: 0.165500 ms MarkObjects: 2.579400 ms  DeleteObjects: 0.086100 ms)

========================================================================
Received Prepare
Registering precompiled user dll's ...
Registered in 0.002255 seconds.
Begin MonoManager ReloadAssembly
Native extension for WindowsStandalone target not found
Native extension for WebGL target not found
Refreshing native plugins compatible for Editor in 0.60 ms, found 1 plugins.
Preloading 0 native plugins for Editor in 0.00 ms.
Mono: successfully reloaded assembly
- Completed reload, in  0.923 seconds
Platform modules already initialized, skipping
Shader 'Universal Render Pipeline/Particles/Lit': fallback shader 'Universal Render Pipeline/Particles/SimpleLit' not found
Refreshing native plugins compatible for Editor in 0.58 ms, found 1 plugins.
Preloading 0 native plugins for Editor in 0.00 ms.
Unloading 3036 Unused Serialized files (Serialized files now loaded: 0)
System memory in use before: 133.6 MB.
System memory in use after: 133.8 MB.

Unloading 12 unused Assets to reduce memory usage. Loaded Objects now: 3676.
Total: 3.342700 ms (FindLiveObjects: 0.489300 ms CreateObjectMapping: 0.200900 ms MarkObjects: 2.541000 ms  DeleteObjects: 0.108800 ms)

========================================================================
Received Import Request.
  Time since last request: 507.668347 seconds.
  path: Assets/Resources/Database.asset
  artifactKey: Guid(0b3fab3b6a10af145977c3c8ecd8074d) Importer(815301076,1909f56bfc062723c751e8b465ee728b)
Start importing Assets/Resources/Database.asset using Guid(0b3fab3b6a10af145977c3c8ecd8074d) Importer(815301076,1909f56bfc062723c751e8b465ee728b)  -> (artifact id: 'caecf486d56f92b4ba23322a9c8e3268') in 0.171111 seconds
  Import took 0.178826 seconds .

========================================================================
Received Import Request.
  Time since last request: 31.622394 seconds.
  path: Assets/InventoryStuffCodingWithUnityIhopeThisWorks/ItemDataBaseObject.cs
  artifactKey: Guid(a3e7ca943ede0fe4aa2ce890bae8edba) Importer(815301076,1909f56bfc062723c751e8b465ee728b)
Start importing Assets/InventoryStuffCodingWithUnityIhopeThisWorks/ItemDataBaseObject.cs using Guid(a3e7ca943ede0fe4aa2ce890bae8edba) Importer(815301076,1909f56bfc062723c751e8b465ee728b)  -> (artifact id: 'a23f1d9e6514f4fddc8370ddfeccf05b') in 0.011581 seconds
  Import took 0.020481 seconds .

========================================================================
Received Prepare
Registering precompiled user dll's ...
Registered in 0.001877 seconds.
Begin MonoManager ReloadAssembly
Native extension for WindowsStandalone target not found
Native extension for WebGL target not found
Refreshing native plugins compatible for Editor in 0.64 ms, found 1 plugins.
Preloading 0 native plugins for Editor in 0.00 ms.
Mono: successfully reloaded assembly
- Completed reload, in  0.943 seconds
Platform modules already initialized, skipping
Shader 'Universal Render Pipeline/Particles/Lit': fallback shader 'Universal Render Pipeline/Particles/SimpleLit' not found
Refreshing native plugins compatible for Editor in 0.70 ms, found 1 plugins.
Preloading 0 native plugins for Editor in 0.00 ms.
Unloading 3036 Unused Serialized files (Serialized files now loaded: 0)
System memory in use before: 133.6 MB.
System memory in use after: 133.8 MB.

Unloading 12 unused Assets to reduce memory usage. Loaded Objects now: 3679.
Total: 2.662600 ms (FindLiveObjects: 0.310300 ms CreateObjectMapping: 0.171200 ms MarkObjects: 2.101700 ms  DeleteObjects: 0.078300 ms)

========================================================================
Received Prepare
Registering precompiled user dll's ...
Registered in 0.001897 seconds.
Begin MonoManager ReloadAssembly
Native extension for WindowsStandalone target not found
Native extension for WebGL target not found
Refreshing native plugins compatible for Editor in 0.56 ms, found 1 plugins.
Preloading 0 native plugins for Editor in 0.00 ms.
Mono: successfully reloaded assembly
- Completed reload, in  0.882 seconds
Platform modules already initialized, skipping
Shader 'Universal Render Pipeline/Particles/Lit': fallback shader 'Universal Render Pipeline/Particles/SimpleLit' not found
Refreshing native plugins compatible for Editor in 0.58 ms, found 1 plugins.
Preloading 0 native plugins for Editor in 0.00 ms.
Unloading 3036 Unused Serialized files (Serialized files now loaded: 0)
System memory in use before: 133.6 MB.
System memory in use after: 133.8 MB.

Unloading 12 unused Assets to reduce memory usage. Loaded Objects now: 3682.
Total: 3.762000 ms (FindLiveObjects: 0.727600 ms CreateObjectMapping: 0.210500 ms MarkObjects: 2.696800 ms  DeleteObjects: 0.124900 ms)

========================================================================
Received Import Request.
  Time since last request: 174.477550 seconds.
  path: Assets/InventoryStuffCodingWithUnityIhopeThisWorks/New TurtleCharm.asset
  artifactKey: Guid(979fcd36a8f67c9488905a445e4f6a56) Importer(815301076,1909f56bfc062723c751e8b465ee728b)
Start importing Assets/InventoryStuffCodingWithUnityIhopeThisWorks/New TurtleCharm.asset using Guid(979fcd36a8f67c9488905a445e4f6a56) Importer(815301076,1909f56bfc062723c751e8b465ee728b)  -> (artifact id: '891eed3c3cf93acdf025252b92f5d83b') in 0.016521 seconds
  Import took 0.024436 seconds .

========================================================================
Received Import Request.
  Time since last request: 0.000374 seconds.
  path: Assets/InventoryStuffCodingWithUnityIhopeThisWorks/TurtleCharm.asset
  artifactKey: Guid(010c1bb4e9d67df4e844264f30e144bd) Importer(815301076,1909f56bfc062723c751e8b465ee728b)
Start importing Assets/InventoryStuffCodingWithUnityIhopeThisWorks/TurtleCharm.asset using Guid(010c1bb4e9d67df4e844264f30e144bd) Importer(815301076,1909f56bfc062723c751e8b465ee728b) Fixing reference to the runtime script in scene file!

 -> (artifact id: '0e347764510609bba4c21b61f59700fe') in 0.010931 seconds
  Import took 0.016594 seconds .

========================================================================
Received Prepare
Registering precompiled user dll's ...
Registered in 0.002011 seconds.
Begin MonoManager ReloadAssembly
Native extension for WindowsStandalone target not found
Native extension for WebGL target not found
Refreshing native plugins compatible for Editor in 0.75 ms, found 1 plugins.
Preloading 0 native plugins for Editor in 0.00 ms.
Mono: successfully reloaded assembly
- Completed reload, in  1.023 seconds
Platform modules already initialized, skipping
Shader 'Universal Render Pipeline/Particles/Lit': fallback shader 'Universal Render Pipeline/Particles/SimpleLit' not found
Refreshing native plugins compatible for Editor in 0.57 ms, found 1 plugins.
Preloading 0 native plugins for Editor in 0.00 ms.
Unloading 3036 Unused Serialized files (Serialized files now loaded: 0)
System memory in use before: 133.6 MB.
System memory in use after: 133.8 MB.

Unloading 12 unused Assets to reduce memory usage. Loaded Objects now: 3685.
Total: 2.881200 ms (FindLiveObjects: 0.369000 ms CreateObjectMapping: 0.169800 ms MarkObjects: 2.269900 ms  DeleteObjects: 0.071600 ms)

========================================================================
Received Prepare
Registering precompiled user dll's ...
Registered in 0.001995 seconds.
Begin MonoManager ReloadAssembly
Native extension for WindowsStandalone target not found
Native extension for WebGL target not found
Refreshing native plugins compatible for Editor in 0.55 ms, found 1 plugins.
Preloading 0 native plugins for Editor in 0.00 ms.
Mono: successfully reloaded assembly
- Completed reload, in  0.853 seconds
Platform modules already initialized, skipping
Shader 'Universal Render Pipeline/Particles/Lit': fallback shader 'Universal Render Pipeline/Particles/SimpleLit' not found
Refreshing native plugins compatible for Editor in 0.57 ms, found 1 plugins.
Preloading 0 native plugins for Editor in 0.00 ms.
Unloading 3036 Unused Serialized files (Serialized files now loaded: 0)
System memory in use before: 133.6 MB.
System memory in use after: 133.8 MB.

Unloading 12 unused Assets to reduce memory usage. Loaded Objects now: 3688.
Total: 2.791700 ms (FindLiveObjects: 0.361800 ms CreateObjectMapping: 0.189800 ms MarkObjects: 2.165900 ms  DeleteObjects: 0.073200 ms)

========================================================================
Received Prepare
Registering precompiled user dll's ...
Registered in 0.001937 seconds.
Begin MonoManager ReloadAssembly
Native extension for WindowsStandalone target not found
Native extension for WebGL target not found
Refreshing native plugins compatible for Editor in 0.56 ms, found 1 plugins.
Preloading 0 native plugins for Editor in 0.00 ms.
Mono: successfully reloaded assembly
- Completed reload, in  0.884 seconds
Platform modules already initialized, skipping
Shader 'Universal Render Pipeline/Particles/Lit': fallback shader 'Universal Render Pipeline/Particles/SimpleLit' not found
Refreshing native plugins compatible for Editor in 0.58 ms, found 1 plugins.
Preloading 0 native plugins for Editor in 0.00 ms.
Unloading 3036 Unused Serialized files (Serialized files now loaded: 0)
System memory in use before: 133.6 MB.
System memory in use after: 133.8 MB.

Unloading 12 unused Assets to reduce memory usage. Loaded Objects now: 3691.
Total: 3.173700 ms (FindLiveObjects: 0.456500 ms CreateObjectMapping: 0.255600 ms MarkObjects: 2.343300 ms  DeleteObjects: 0.117200 ms)

========================================================================
Received Import Request.
  Time since last request: 390.562246 seconds.
  path: Assets/Resources/Database.asset
  artifactKey: Guid(0b3fab3b6a10af145977c3c8ecd8074d) Importer(815301076,1909f56bfc062723c751e8b465ee728b)
Start importing Assets/Resources/Database.asset using Guid(0b3fab3b6a10af145977c3c8ecd8074d) Importer(815301076,1909f56bfc062723c751e8b465ee728b)  -> (artifact id: '65ae2835ce1a3e5a312c88f258e6a7d8') in 0.024897 seconds
  Import took 0.030516 seconds .

========================================================================
Received Prepare
Registering precompiled user dll's ...
Registered in 0.001904 seconds.
Begin MonoManager ReloadAssembly
Native extension for WindowsStandalone target not found
Native extension for WebGL target not found
Refreshing native plugins compatible for Editor in 0.55 ms, found 1 plugins.
Preloading 0 native plugins for Editor in 0.00 ms.
Mono: successfully reloaded assembly
- Completed reload, in  0.897 seconds
Platform modules already initialized, skipping
Shader 'Universal Render Pipeline/Particles/Lit': fallback shader 'Universal Render Pipeline/Particles/SimpleLit' not found
Refreshing native plugins compatible for Editor in 0.60 ms, found 1 plugins.
Preloading 0 native plugins for Editor in 0.00 ms.
Unloading 3036 Unused Serialized files (Serialized files now loaded: 0)
System memory in use before: 133.6 MB.
System memory in use after: 133.8 MB.

Unloading 12 unused Assets to reduce memory usage. Loaded Objects now: 3694.
Total: 2.921500 ms (FindLiveObjects: 0.383900 ms CreateObjectMapping: 0.214800 ms MarkObjects: 2.145600 ms  DeleteObjects: 0.176000 ms)

========================================================================
Received Prepare
Registering precompiled user dll's ...
Registered in 0.003531 seconds.
Begin MonoManager ReloadAssembly
Native extension for WindowsStandalone target not found
Native extension for WebGL target not found
Refreshing native plugins compatible for Editor in 0.57 ms, found 1 plugins.
Preloading 0 native plugins for Editor in 0.00 ms.
Mono: successfully reloaded assembly
- Completed reload, in  0.896 seconds
Platform modules already initialized, skipping
Shader 'Universal Render Pipeline/Particles/Lit': fallback shader 'Universal Render Pipeline/Particles/SimpleLit' not found
Refreshing native plugins compatible for Editor in 0.59 ms, found 1 plugins.
Preloading 0 native plugins for Editor in 0.00 ms.
Unloading 3036 Unused Serialized files (Serialized files now loaded: 0)
System memory in use before: 133.6 MB.
System memory in use after: 133.8 MB.

Unloading 12 unused Assets to reduce memory usage. Loaded Objects now: 3697.
Total: 3.022200 ms (FindLiveObjects: 0.527200 ms CreateObjectMapping: 0.333300 ms MarkObjects: 2.054600 ms  DeleteObjects: 0.105500 ms)

========================================================================
Received Prepare
Registering precompiled user dll's ...
Registered in 0.001888 seconds.
Begin MonoManager ReloadAssembly
Native extension for WindowsStandalone target not found
Native extension for WebGL target not found
Refreshing native plugins compatible for Editor in 0.59 ms, found 1 plugins.
Preloading 0 native plugins for Editor in 0.00 ms.
Mono: successfully reloaded assembly
- Completed reload, in  0.920 seconds
Platform modules already initialized, skipping
Shader 'Universal Render Pipeline/Particles/Lit': fallback shader 'Universal Render Pipeline/Particles/SimpleLit' not found
Refreshing native plugins compatible for Editor in 0.57 ms, found 1 plugins.
Preloading 0 native plugins for Editor in 0.00 ms.
Unloading 3036 Unused Serialized files (Serialized files now loaded: 0)
System memory in use before: 133.6 MB.
System memory in use after: 133.8 MB.

Unloading 12 unused Assets to reduce memory usage. Loaded Objects now: 3700.
Total: 2.984200 ms (FindLiveObjects: 0.365600 ms CreateObjectMapping: 0.159800 ms MarkObjects: 2.382500 ms  DeleteObjects: 0.074800 ms)

========================================================================
Received Prepare
Registering precompiled user dll's ...
Registered in 0.001859 seconds.
Begin MonoManager ReloadAssembly
Native extension for WindowsStandalone target not found
Native extension for WebGL target not found
Refreshing native plugins compatible for Editor in 0.65 ms, found 1 plugins.
Preloading 0 native plugins for Editor in 0.00 ms.
Mono: successfully reloaded assembly
- Completed reload, in  1.941 seconds
Platform modules already initialized, skipping
Shader 'Universal Render Pipeline/Particles/Lit': fallback shader 'Universal Render Pipeline/Particles/SimpleLit' not found
Refreshing native plugins compatible for Editor in 0.90 ms, found 1 plugins.
Preloading 0 native plugins for Editor in 0.00 ms.
Unloading 3036 Unused Serialized files (Serialized files now loaded: 0)
System memory in use before: 133.7 MB.
System memory in use after: 133.8 MB.

Unloading 12 unused Assets to reduce memory usage. Loaded Objects now: 3703.
Total: 3.515200 ms (FindLiveObjects: 0.411700 ms CreateObjectMapping: 0.252300 ms MarkObjects: 2.766100 ms  DeleteObjects: 0.084100 ms)

========================================================================
Received Prepare
Registering precompiled user dll's ...
Registered in 0.001896 seconds.
Begin MonoManager ReloadAssembly
Native extension for WindowsStandalone target not found
Native extension for WebGL target not found
Refreshing native plugins compatible for Editor in 0.56 ms, found 1 plugins.
Preloading 0 native plugins for Editor in 0.00 ms.
Mono: successfully reloaded assembly
- Completed reload, in  0.871 seconds
Platform modules already initialized, skipping
Shader 'Universal Render Pipeline/Particles/Lit': fallback shader 'Universal Render Pipeline/Particles/SimpleLit' not found
Refreshing native plugins compatible for Editor in 0.65 ms, found 1 plugins.
Preloading 0 native plugins for Editor in 0.00 ms.
Unloading 3036 Unused Serialized files (Serialized files now loaded: 0)
System memory in use before: 133.7 MB.
System memory in use after: 133.8 MB.

Unloading 12 unused Assets to reduce memory usage. Loaded Objects now: 3706.
Total: 2.824800 ms (FindLiveObjects: 0.420500 ms CreateObjectMapping: 0.136300 ms MarkObjects: 2.186900 ms  DeleteObjects: 0.080100 ms)

========================================================================
Received Prepare
Registering precompiled user dll's ...
Registered in 0.002003 seconds.
Begin MonoManager ReloadAssembly
Native extension for WindowsStandalone target not found
Native extension for WebGL target not found
Refreshing native plugins compatible for Editor in 0.57 ms, found 1 plugins.
Preloading 0 native plugins for Editor in 0.00 ms.
Mono: successfully reloaded assembly
- Completed reload, in  1.016 seconds
Platform modules already initialized, skipping
Shader 'Universal Render Pipeline/Particles/Lit': fallback shader 'Universal Render Pipeline/Particles/SimpleLit' not found
Refreshing native plugins compatible for Editor in 0.61 ms, found 1 plugins.
Preloading 0 native plugins for Editor in 0.00 ms.
Unloading 3036 Unused Serialized files (Serialized files now loaded: 0)
System memory in use before: 133.7 MB.
System memory in use after: 133.8 MB.

Unloading 12 unused Assets to reduce memory usage. Loaded Objects now: 3709.
Total: 2.921000 ms (FindLiveObjects: 0.323200 ms CreateObjectMapping: 0.172400 ms MarkObjects: 2.346300 ms  DeleteObjects: 0.078300 ms)

========================================================================
Received Prepare
Registering precompiled user dll's ...
Registered in 0.002860 seconds.
Begin MonoManager ReloadAssembly
Native extension for WindowsStandalone target not found
Native extension for WebGL target not found
Refreshing native plugins compatible for Editor in 0.55 ms, found 1 plugins.
Preloading 0 native plugins for Editor in 0.00 ms.
Mono: successfully reloaded assembly
- Completed reload, in  0.869 seconds
Platform modules already initialized, skipping
Shader 'Universal Render Pipeline/Particles/Lit': fallback shader 'Universal Render Pipeline/Particles/SimpleLit' not found
Refreshing native plugins compatible for Editor in 0.60 ms, found 1 plugins.
Preloading 0 native plugins for Editor in 0.00 ms.
Unloading 3036 Unused Serialized files (Serialized files now loaded: 0)
System memory in use before: 133.7 MB.
System memory in use after: 133.8 MB.

Unloading 12 unused Assets to reduce memory usage. Loaded Objects now: 3712.
Total: 2.846000 ms (FindLiveObjects: 0.359500 ms CreateObjectMapping: 0.198700 ms MarkObjects: 2.201400 ms  DeleteObjects: 0.084700 ms)

========================================================================
Received Import Request.
  Time since last request: 854.934248 seconds.
  path: Assets/InventoryStuffCodingWithUnityIhopeThisWorks/DashCharm.cs
  artifactKey: Guid(16697f9d19a71404ebd296a279283c24) Importer(815301076,1909f56bfc062723c751e8b465ee728b)
Start importing Assets/InventoryStuffCodingWithUnityIhopeThisWorks/DashCharm.cs using Guid(16697f9d19a71404ebd296a279283c24) Importer(815301076,1909f56bfc062723c751e8b465ee728b)  -> (artifact id: '7628cb809cb1ebd27d3ff416f573a856') in 0.034702 seconds
  Import took 0.042407 seconds .

========================================================================
Received Prepare
Registering precompiled user dll's ...
Registered in 0.001889 seconds.
Begin MonoManager ReloadAssembly
Native extension for WindowsStandalone target not found
Native extension for WebGL target not found
Refreshing native plugins compatible for Editor in 0.56 ms, found 1 plugins.
Preloading 0 native plugins for Editor in 0.00 ms.
Mono: successfully reloaded assembly
- Completed reload, in  0.936 seconds
Platform modules already initialized, skipping
Shader 'Universal Render Pipeline/Particles/Lit': fallback shader 'Universal Render Pipeline/Particles/SimpleLit' not found
Refreshing native plugins compatible for Editor in 0.66 ms, found 1 plugins.
Preloading 0 native plugins for Editor in 0.00 ms.
Unloading 3037 Unused Serialized files (Serialized files now loaded: 0)
System memory in use before: 133.7 MB.
System memory in use after: 133.9 MB.

Unloading 12 unused Assets to reduce memory usage. Loaded Objects now: 3716.
Total: 2.894400 ms (FindLiveObjects: 0.554200 ms CreateObjectMapping: 0.187400 ms MarkObjects: 2.075900 ms  DeleteObjects: 0.075800 ms)

========================================================================
Received Prepare
Registering precompiled user dll's ...
Registered in 0.002911 seconds.
Begin MonoManager ReloadAssembly
Native extension for WindowsStandalone target not found
Native extension for WebGL target not found
Refreshing native plugins compatible for Editor in 0.69 ms, found 1 plugins.
Preloading 0 native plugins for Editor in 0.00 ms.
Mono: successfully reloaded assembly
- Completed reload, in  0.917 seconds
Platform modules already initialized, skipping
Shader 'Universal Render Pipeline/Particles/Lit': fallback shader 'Universal Render Pipeline/Particles/SimpleLit' not found
Refreshing native plugins compatible for Editor in 0.58 ms, found 1 plugins.
Preloading 0 native plugins for Editor in 0.00 ms.
Unloading 3037 Unused Serialized files (Serialized files now loaded: 0)
System memory in use before: 133.7 MB.
System memory in use after: 133.9 MB.

Unloading 12 unused Assets to reduce memory usage. Loaded Objects now: 3719.
Total: 2.829000 ms (FindLiveObjects: 0.312800 ms CreateObjectMapping: 0.172200 ms MarkObjects: 2.258400 ms  DeleteObjects: 0.084700 ms)

========================================================================
Received Import Request.
  Time since last request: 54.589607 seconds.
  path: Assets/InventoryStuffCodingWithUnityIhopeThisWorks/DashCharm.cs
  artifactKey: Guid(16697f9d19a71404ebd296a279283c24) Importer(815301076,1909f56bfc062723c751e8b465ee728b)
Start importing Assets/InventoryStuffCodingWithUnityIhopeThisWorks/DashCharm.cs using Guid(16697f9d19a71404ebd296a279283c24) Importer(815301076,1909f56bfc062723c751e8b465ee728b)  -> (artifact id: 'a00a3137c710a507d7c804c2cfafe23a') in 0.005970 seconds
  Import took 0.012659 seconds .

========================================================================
Received Import Request.
  Time since last request: 6.519138 seconds.
  path: Assets/InventoryStuffCodingWithUnityIhopeThisWorks/DashCharm.asset
  artifactKey: Guid(13e6090b48591af4a86f2ef8149aba51) Importer(815301076,1909f56bfc062723c751e8b465ee728b)
Start importing Assets/InventoryStuffCodingWithUnityIhopeThisWorks/DashCharm.asset using Guid(13e6090b48591af4a86f2ef8149aba51) Importer(815301076,1909f56bfc062723c751e8b465ee728b)  -> (artifact id: '75edd6ae08993194e7b327c2d907b56c') in 0.020833 seconds
  Import took 0.026573 seconds .

========================================================================
Received Import Request.
  Time since last request: 0.003775 seconds.
  path: Assets/InventoryStuffCodingWithUnityIhopeThisWorks/DashCharm.asset
  artifactKey: Guid(13e6090b48591af4a86f2ef8149aba51) Importer(815301076,1909f56bfc062723c751e8b465ee728b)
Start importing Assets/InventoryStuffCodingWithUnityIhopeThisWorks/DashCharm.asset using Guid(13e6090b48591af4a86f2ef8149aba51) Importer(815301076,1909f56bfc062723c751e8b465ee728b)  -> (artifact id: '75edd6ae08993194e7b327c2d907b56c') in 0.006112 seconds
  Import took 0.014477 seconds .

========================================================================
Received Import Request.
  Time since last request: 28.173045 seconds.
  path: Assets/InventoryStuffCodingWithUnityIhopeThisWorks/DashCharm.asset
  artifactKey: Guid(13e6090b48591af4a86f2ef8149aba51) Importer(815301076,1909f56bfc062723c751e8b465ee728b)
Start importing Assets/InventoryStuffCodingWithUnityIhopeThisWorks/DashCharm.asset using Guid(13e6090b48591af4a86f2ef8149aba51) Importer(815301076,1909f56bfc062723c751e8b465ee728b)  -> (artifact id: '1a9df64e825e88acca55a556ff1a8b68') in 0.006702 seconds
  Import took 0.013890 seconds .

========================================================================
Received Prepare
Registering precompiled user dll's ...
Registered in 0.001895 seconds.
Begin MonoManager ReloadAssembly
Native extension for WindowsStandalone target not found
Native extension for WebGL target not found
Refreshing native plugins compatible for Editor in 0.57 ms, found 1 plugins.
Preloading 0 native plugins for Editor in 0.00 ms.
Mono: successfully reloaded assembly
- Completed reload, in  0.891 seconds
Platform modules already initialized, skipping
Shader 'Universal Render Pipeline/Particles/Lit': fallback shader 'Universal Render Pipeline/Particles/SimpleLit' not found
Refreshing native plugins compatible for Editor in 0.66 ms, found 1 plugins.
Preloading 0 native plugins for Editor in 0.00 ms.
Unloading 3037 Unused Serialized files (Serialized files now loaded: 0)
System memory in use before: 133.7 MB.
System memory in use after: 133.9 MB.

Unloading 12 unused Assets to reduce memory usage. Loaded Objects now: 3722.
Total: 3.171200 ms (FindLiveObjects: 0.400300 ms CreateObjectMapping: 0.203400 ms MarkObjects: 2.487300 ms  DeleteObjects: 0.079200 ms)

========================================================================
Received Import Request.
  Time since last request: 44.107494 seconds.
  path: Assets/Resources/Database.asset
  artifactKey: Guid(0b3fab3b6a10af145977c3c8ecd8074d) Importer(815301076,1909f56bfc062723c751e8b465ee728b)
Start importing Assets/Resources/Database.asset using Guid(0b3fab3b6a10af145977c3c8ecd8074d) Importer(815301076,1909f56bfc062723c751e8b465ee728b)  -> (artifact id: 'cb223a0d3bcccbbdd28fc18a5abe14b0') in 0.016794 seconds
  Import took 0.024126 seconds .

========================================================================
Received Prepare
Registering precompiled user dll's ...
Registered in 0.001888 seconds.
Begin MonoManager ReloadAssembly
Native extension for WindowsStandalone target not found
Native extension for WebGL target not found
Refreshing native plugins compatible for Editor in 0.56 ms, found 1 plugins.
Preloading 0 native plugins for Editor in 0.00 ms.
Mono: successfully reloaded assembly
- Completed reload, in  0.937 seconds
Platform modules already initialized, skipping
Shader 'Universal Render Pipeline/Particles/Lit': fallback shader 'Universal Render Pipeline/Particles/SimpleLit' not found
Refreshing native plugins compatible for Editor in 0.58 ms, found 1 plugins.
Preloading 0 native plugins for Editor in 0.00 ms.
Unloading 3037 Unused Serialized files (Serialized files now loaded: 0)
System memory in use before: 133.7 MB.
System memory in use after: 133.9 MB.

Unloading 12 unused Assets to reduce memory usage. Loaded Objects now: 3725.
Total: 2.996100 ms (FindLiveObjects: 0.334600 ms CreateObjectMapping: 0.148000 ms MarkObjects: 2.439000 ms  DeleteObjects: 0.073600 ms)

========================================================================
Received Prepare
Registering precompiled user dll's ...
Registered in 0.002066 seconds.
Begin MonoManager ReloadAssembly
Native extension for WindowsStandalone target not found
Native extension for WebGL target not found
Refreshing native plugins compatible for Editor in 0.60 ms, found 1 plugins.
Preloading 0 native plugins for Editor in 0.00 ms.
Mono: successfully reloaded assembly
- Completed reload, in  0.896 seconds
Platform modules already initialized, skipping
Shader 'Universal Render Pipeline/Particles/Lit': fallback shader 'Universal Render Pipeline/Particles/SimpleLit' not found
Refreshing native plugins compatible for Editor in 0.63 ms, found 1 plugins.
Preloading 0 native plugins for Editor in 0.00 ms.
Unloading 3037 Unused Serialized files (Serialized files now loaded: 0)
System memory in use before: 133.7 MB.
System memory in use after: 133.9 MB.

Unloading 12 unused Assets to reduce memory usage. Loaded Objects now: 3728.
Total: 2.984100 ms (FindLiveObjects: 0.382900 ms CreateObjectMapping: 0.174900 ms MarkObjects: 2.330900 ms  DeleteObjects: 0.094100 ms)

========================================================================
Received Import Request.
  Time since last request: 1069.013623 seconds.
  path: Assets/InventoryStuffCodingWithUnityIhopeThisWorks/ItemScript.cs
  artifactKey: Guid(ca8c651948153ef4ca9bbf4ca1d769c6) Importer(815301076,1909f56bfc062723c751e8b465ee728b)
Start importing Assets/InventoryStuffCodingWithUnityIhopeThisWorks/ItemScript.cs using Guid(ca8c651948153ef4ca9bbf4ca1d769c6) Importer(815301076,1909f56bfc062723c751e8b465ee728b)  -> (artifact id: '1fd42e6acb23d58e8a8e2e06160806c1') in 0.015691 seconds
  Import took 0.024223 seconds .

========================================================================
Received Prepare
Registering precompiled user dll's ...
Registered in 0.003080 seconds.
Begin MonoManager ReloadAssembly
Native extension for WindowsStandalone target not found
Native extension for WebGL target not found
Refreshing native plugins compatible for Editor in 0.81 ms, found 1 plugins.
Preloading 0 native plugins for Editor in 0.00 ms.
Mono: successfully reloaded assembly
- Completed reload, in  0.893 seconds
Platform modules already initialized, skipping
Shader 'Universal Render Pipeline/Particles/Lit': fallback shader 'Universal Render Pipeline/Particles/SimpleLit' not found
Refreshing native plugins compatible for Editor in 0.67 ms, found 1 plugins.
Preloading 0 native plugins for Editor in 0.00 ms.
Unloading 3036 Unused Serialized files (Serialized files now loaded: 0)
System memory in use before: 133.7 MB.
System memory in use after: 133.9 MB.

Unloading 13 unused Assets to reduce memory usage. Loaded Objects now: 3730.
Total: 2.999200 ms (FindLiveObjects: 0.327000 ms CreateObjectMapping: 0.255500 ms MarkObjects: 2.341100 ms  DeleteObjects: 0.074600 ms)

========================================================================
Received Prepare
Registering precompiled user dll's ...
Registered in 0.003634 seconds.
Begin MonoManager ReloadAssembly
Native extension for WindowsStandalone target not found
Native extension for WebGL target not found
Refreshing native plugins compatible for Editor in 0.56 ms, found 1 plugins.
Preloading 0 native plugins for Editor in 0.00 ms.
Mono: successfully reloaded assembly
- Completed reload, in  1.015 seconds
Platform modules already initialized, skipping
Shader 'Universal Render Pipeline/Particles/Lit': fallback shader 'Universal Render Pipeline/Particles/SimpleLit' not found
Refreshing native plugins compatible for Editor in 0.58 ms, found 1 plugins.
Preloading 0 native plugins for Editor in 0.00 ms.
Unloading 3036 Unused Serialized files (Serialized files now loaded: 0)
System memory in use before: 133.7 MB.
System memory in use after: 133.9 MB.

Unloading 12 unused Assets to reduce memory usage. Loaded Objects now: 3733.
Total: 4.145300 ms (FindLiveObjects: 0.750600 ms CreateObjectMapping: 0.358900 ms MarkObjects: 2.787400 ms  DeleteObjects: 0.227300 ms)

AssetImportWorkerClient::OnTransportError - code=2 error=End of file
